<?xml version="1.0" encoding="UTF-8"?>
<testsuite xmlns:xsi="http://www.w3.org/2001/XMLSchema-instance" xsi:noNamespaceSchemaLocation="https://maven.apache.org/surefire/maven-surefire-plugin/xsd/surefire-test-report.xsd" version="3.0.2" name="CONSALV.SQLCargo.SqlCargoApplicationTests" time="18.478" tests="1" errors="0" skipped="0" failures="0">
  <properties>
[...]
</properties>
  <testcase name="contextLoads" classname="CONSALV.SQLCargo.SqlCargoApplicationTests" time="0.753">
    <system-out><![CDATA[18:03:29.400 [main] INFO org.springframework.test.context.support.AnnotationConfigContextLoaderUtils -- Could not detect default configuration classes for test class [CONSALV.SQLCargo.SqlCargoApplicationTests]: SqlCargoApplicationTests does not declare any static, non-private, non-final, nested classes annotated with @Configuration.
18:03:29.606 [main] INFO org.springframework.boot.test.context.SpringBootTestContextBootstrapper -- Found @SpringBootConfiguration CONSALV.SQLCargo.SqlCargoApplication for test class CONSALV.SQLCargo.SqlCargoApplicationTests
18:03:29.887 [main] INFO org.springframework.boot.devtools.restart.RestartApplicationListener -- Restart disabled due to context in which it is running

  .   ____          _            __ _ _
 /\\ / ___'_ __ _ _(_)_ __  __ _ \ \ \ \
( ( )\___ | '_ | '_| | '_ \/ _` | \ \ \ \
 \\/  ___)| |_)| | | | | || (_| |  ) ) ) )
  '  |____| .__|_| |_|_| |_\__, | / / / /
 =========|_|==============|___/=/_/_/_/

 :: Spring Boot ::                (v3.4.1)

2025-01-03T18:03:30.420-05:00  INFO 2712 --- [SQLCargo] [           main] C.SQLCargo.SqlCargoApplicationTests      : Starting SqlCargoApplicationTests using Java 21.0.5 with PID 2712 (started by CONSALV in C:\Users\CONSALV\Documents\NetBeansProjects\SQLCargo)
2025-01-03T18:03:30.421-05:00  INFO 2712 --- [SQLCargo] [           main] C.SQLCargo.SqlCargoApplicationTests      : No active profile set, falling back to 1 default profile: "default"
2025-01-03T18:03:30.479-05:00 DEBUG 2712 --- [SQLCargo] [           main] o.s.w.c.s.GenericWebApplicationContext   : Refreshing org.springframework.web.context.support.GenericWebApplicationContext@1a1d3c1a
2025-01-03T18:03:31.832-05:00  INFO 2712 --- [SQLCargo] [           main] .s.d.r.c.RepositoryConfigurationDelegate : Bootstrapping Spring Data JPA repositories in DEFAULT mode.
2025-01-03T18:03:31.976-05:00  INFO 2712 --- [SQLCargo] [           main] .s.d.r.c.RepositoryConfigurationDelegate : Finished Spring Data repository scanning in 121 ms. Found 5 JPA repository interfaces.
2025-01-03T18:03:32.973-05:00  INFO 2712 --- [SQLCargo] [           main] o.hibernate.jpa.internal.util.LogHelper  : HHH000204: Processing PersistenceUnitInfo [name: default]
2025-01-03T18:03:33.105-05:00  INFO 2712 --- [SQLCargo] [           main] org.hibernate.Version                    : HHH000412: Hibernate ORM core version 6.6.4.Final
2025-01-03T18:03:33.182-05:00  INFO 2712 --- [SQLCargo] [           main] o.h.c.internal.RegionFactoryInitiator    : HHH000026: Second-level cache disabled
2025-01-03T18:03:33.821-05:00  INFO 2712 --- [SQLCargo] [           main] o.s.o.j.p.SpringPersistenceUnitInfo      : No LoadTimeWeaver setup: ignoring JPA class transformer
2025-01-03T18:03:33.881-05:00  WARN 2712 --- [SQLCargo] [           main] com.zaxxer.hikari.HikariConfig           : HikariPool-1 - keepaliveTime is less than 30000ms, disabling it.
2025-01-03T18:03:33.882-05:00  WARN 2712 --- [SQLCargo] [           main] com.zaxxer.hikari.HikariConfig           : HikariPool-1 - idleTimeout has been set but has no effect because the pool is operating as a fixed size pool.
2025-01-03T18:03:33.882-05:00  INFO 2712 --- [SQLCargo] [           main] com.zaxxer.hikari.HikariDataSource       : HikariPool-1 - Starting...
2025-01-03T18:03:37.110-05:00  INFO 2712 --- [SQLCargo] [           main] com.zaxxer.hikari.pool.HikariPool        : HikariPool-1 - Added connection com.mysql.cj.jdbc.ConnectionImpl@402a69f
2025-01-03T18:03:37.112-05:00  INFO 2712 --- [SQLCargo] [           main] com.zaxxer.hikari.HikariDataSource       : HikariPool-1 - Start completed.
2025-01-03T18:03:38.645-05:00  INFO 2712 --- [SQLCargo] [           main] org.hibernate.orm.connections.pooling    : HHH10001005: Database info:
	Database JDBC URL [Connecting through datasource 'HikariDataSource (HikariPool-1)']
	Database driver: undefined/unknown
	Database version: 8.0.22
	Autocommit mode: undefined/unknown
	Isolation level: undefined/unknown
	Minimum pool size: undefined/unknown
	Maximum pool size: undefined/unknown
2025-01-03T18:03:39.934-05:00  INFO 2712 --- [SQLCargo] [           main] o.h.e.t.j.p.i.JtaPlatformInitiator       : HHH000489: No JTA platform available (set 'hibernate.transaction.jta.platform' to enable JTA platform integration)
2025-01-03T18:03:45.007-05:00  INFO 2712 --- [SQLCargo] [           main] j.LocalContainerEntityManagerFactoryBean : Initialized JPA EntityManagerFactory for persistence unit 'default'
2025-01-03T18:03:46.078-05:00  WARN 2712 --- [SQLCargo] [           main] JpaBaseConfiguration$JpaWebConfiguration : spring.jpa.open-in-view is enabled by default. Therefore, database queries may be performed during view rendering. Explicitly configure spring.jpa.open-in-view to disable this warning
2025-01-03T18:03:46.245-05:00 DEBUG 2712 --- [SQLCargo] [           main] s.w.s.m.m.a.RequestMappingHandlerMapping : 10 mappings in 'requestMappingHandlerMapping'
2025-01-03T18:03:46.450-05:00 DEBUG 2712 --- [SQLCargo] [           main] o.s.w.s.handler.SimpleUrlHandlerMapping  : Patterns [/webjars/**, /**, /resources/**] in 'resourceHandlerMapping'
2025-01-03T18:03:46.499-05:00 DEBUG 2712 --- [SQLCargo] [           main] s.w.s.m.m.a.RequestMappingHandlerAdapter : ControllerAdvice beans: 0 @ModelAttribute, 0 @InitBinder, 1 RequestBodyAdvice, 1 ResponseBodyAdvice
2025-01-03T18:03:46.609-05:00 DEBUG 2712 --- [SQLCargo] [           main] .m.m.a.ExceptionHandlerExceptionResolver : ControllerAdvice beans: 0 @ExceptionHandler, 1 ResponseBodyAdvice
2025-01-03T18:03:46.806-05:00  INFO 2712 --- [SQLCargo] [           main] C.SQLCargo.SqlCargoApplicationTests      : Started SqlCargoApplicationTests in 16.943 seconds (process running for 18.661)
]]></system-out>
    <system-err><![CDATA[Mockito is currently self-attaching to enable the inline-mock-maker. This will no longer work in future releases of the JDK. Please add Mockito as an agent to your build what is described in Mockito's documentation: https://javadoc.io/doc/org.mockito/mockito-core/latest/org/mockito/Mockito.html#0.3
WARNING: A Java agent has been loaded dynamically (C:\Users\CONSALV\.m2\repository\net\bytebuddy\byte-buddy-agent\1.15.11\byte-buddy-agent-1.15.11.jar)
WARNING: If a serviceability tool is in use, please run with -XX:+EnableDynamicAgentLoading to hide this warning
WARNING: If a serviceability tool is not in use, please run with -Djdk.instrument.traceUsage for more information
WARNING: Dynamic loading of agents will be disallowed by default in a future release
]]></system-err>
  </testcase>
</testsuite>